<?xml version="1.0" encoding="UTF-8"?>
<!-- Generated by org.testng.reporters.JUnitReportReporter -->
<testsuite hostname="DESKTOP-GHJSC08" failures="0" tests="3" name="pkg_PageTest.Tst_SignUpTest" time="0.425" errors="0" timestamp="26 Aug 2019 10:35:53 GMT" skipped="0">
  <testcase classname="pkg_PageTest.Tst_SignUpTest" name="validSignUp" time="0.002"/>
  <testcase classname="pkg_PageTest.Tst_SignUpTest" name="blankSubmittion" time="0.368"/>
  <testcase classname="pkg_PageTest.Tst_SignUpTest" name="verifyTitle" time="0.055"/>
</testsuite> <!-- pkg_PageTest.Tst_SignUpTest -->
