<?xml version="1.0" encoding="UTF-8"?>
<!-- Generated by org.testng.reporters.JUnitReportReporter -->
<testsuite hostname="DESKTOP-GHJSC08" failures="0" tests="1" name="pkg_PageTest.Tst_SignUpTest" time="0.122" errors="0" timestamp="01 Sep 2019 12:08:52 GMT" skipped="0">
  <testcase classname="pkg_PageTest.Tst_SignUpTest" name="verifyTitle" time="0.122"/>
</testsuite> <!-- pkg_PageTest.Tst_SignUpTest -->
